0 info it worked if it ends with ok
1 verbose cli [ '/usr/bin/nodejs', '/usr/bin/npm', 'run', 'build' ]
2 info using npm@3.10.10
3 info using node@v6.10.0
4 verbose run-script [ 'prebuild', 'build', 'postbuild' ]
5 info lifecycle mbtst@1.0.0~prebuild: mbtst@1.0.0
6 silly lifecycle mbtst@1.0.0~prebuild: no script for prebuild, continuing
7 info lifecycle mbtst@1.0.0~build: mbtst@1.0.0
8 verbose lifecycle mbtst@1.0.0~build: unsafe-perm in lifecycle true
9 verbose lifecycle mbtst@1.0.0~build: PATH: /usr/lib/node_modules/npm/bin/node-gyp-bin:/home/jonas/zegeba/repos/mbtst/node_modules/.bin:/etc/jdk1.8.0_121/bin/:/home/jonas/bin:/home/jonas/.local/bin:/usr/local/sbin:/usr/local/bin:/usr/sbin:/usr/bin:/sbin:/bin:/usr/games:/usr/local/games:/home/jonas/Android/Sdk/tools:/home/jonas/Android/Sdk/platform-tools
10 verbose lifecycle mbtst@1.0.0~build: CWD: /home/jonas/zegeba/repos/mbtst
11 silly lifecycle mbtst@1.0.0~build: Args: [ '-c',
11 silly lifecycle   'node node_modules/browserify/bin/cmd.js --entry src/main.js --outfile dist/build.js' ]
12 silly lifecycle mbtst@1.0.0~build: Returned: code: 1  signal: null
13 info lifecycle mbtst@1.0.0~build: Failed to exec build script
14 verbose stack Error: mbtst@1.0.0 build: `node node_modules/browserify/bin/cmd.js --entry src/main.js --outfile dist/build.js`
14 verbose stack Exit status 1
14 verbose stack     at EventEmitter.<anonymous> (/usr/lib/node_modules/npm/lib/utils/lifecycle.js:255:16)
14 verbose stack     at emitTwo (events.js:106:13)
14 verbose stack     at EventEmitter.emit (events.js:191:7)
14 verbose stack     at ChildProcess.<anonymous> (/usr/lib/node_modules/npm/lib/utils/spawn.js:40:14)
14 verbose stack     at emitTwo (events.js:106:13)
14 verbose stack     at ChildProcess.emit (events.js:191:7)
14 verbose stack     at maybeClose (internal/child_process.js:877:16)
14 verbose stack     at Process.ChildProcess._handle.onexit (internal/child_process.js:226:5)
15 verbose pkgid mbtst@1.0.0
16 verbose cwd /home/jonas/zegeba/repos/mbtst
17 error Linux 4.4.0-53-generic
18 error argv "/usr/bin/nodejs" "/usr/bin/npm" "run" "build"
19 error node v6.10.0
20 error npm  v3.10.10
21 error code ELIFECYCLE
22 error mbtst@1.0.0 build: `node node_modules/browserify/bin/cmd.js --entry src/main.js --outfile dist/build.js`
22 error Exit status 1
23 error Failed at the mbtst@1.0.0 build script 'node node_modules/browserify/bin/cmd.js --entry src/main.js --outfile dist/build.js'.
23 error Make sure you have the latest version of node.js and npm installed.
23 error If you do, this is most likely a problem with the mbtst package,
23 error not with npm itself.
23 error Tell the author that this fails on your system:
23 error     node node_modules/browserify/bin/cmd.js --entry src/main.js --outfile dist/build.js
23 error You can get information on how to open an issue for this project with:
23 error     npm bugs mbtst
23 error Or if that isn't available, you can get their info via:
23 error     npm owner ls mbtst
23 error There is likely additional logging output above.
24 verbose exit [ 1, true ]
